0 verbose cli /opt/homebrew/Cellar/node/20.5.1/bin/node /opt/homebrew/bin/npm
1 info using npm@10.8.0
2 info using node@v20.5.1
3 silly config load:file:/opt/homebrew/lib/node_modules/npm/npmrc
4 silly config load:file:/Users/chogihwa/Desktop/UberClone/Edu-Learn/.npmrc
5 silly config load:file:/Users/chogihwa/.npmrc
6 silly config load:file:/opt/homebrew/etc/npmrc
7 verbose title npm start
8 verbose argv "start" "--cache" "-reset"
9 verbose logfile logs-max:10 dir:/Users/chogihwa/Desktop/UberClone/Edu-Learn/-reset/_logs/2024-09-10T10_25_56_273Z-
10 verbose logfile /Users/chogihwa/Desktop/UberClone/Edu-Learn/-reset/_logs/2024-09-10T10_25_56_273Z-debug-0.log
11 silly logfile done cleaning log files
12 http fetch GET 200 https://registry.npmjs.org/npm 149ms
13 verbose cwd /Users/chogihwa/Desktop/UberClone/Edu-Learn
14 verbose os Darwin 23.5.0
15 verbose node v20.5.1
16 verbose npm  v10.8.0
17 notice
17 notice New [36mpatch[39m version of npm available! [36m10.8.0[39m -> [34m10.8.3[39m
17 notice Changelog: [34mhttps://github.com/npm/cli/releases/tag/v10.8.3[39m
17 notice To update run: [4mnpm install -g npm@10.8.3[24m
17 notice  { force: true, [Symbol(proc-log.meta)]: true }
18 verbose exit 0
19 info ok
